Determining if the pthread_create exist failed with the following output:
Change Dir: /home/blgnksy/Documents/CUDA_Programming/CudaLabExercises/cmake-build-debug/CMakeFiles/CMakeTmp

Run Build Command:"/usr/bin/make" "cmTC_9ac8b/fast"
/usr/bin/make -f CMakeFiles/cmTC_9ac8b.dir/build.make CMakeFiles/cmTC_9ac8b.dir/build
make[1]: Entering directory `/home/blgnksy/Documents/CUDA_Programming/CudaLabExercises/cmake-build-debug/CMakeFiles/CMakeTmp'
Building C object CMakeFiles/cmTC_9ac8b.dir/CheckSymbolExists.c.o
/usr/bin/cc    -fPIC    -o CMakeFiles/cmTC_9ac8b.dir/CheckSymbolExists.c.o   -c /home/blgnksy/Documents/CUDA_Programming/CudaLabExercises/cmake-build-debug/CMakeFiles/CMakeTmp/CheckSymbolExists.c
Linking C executable cmTC_9ac8b
/home/blgnksy/clion-2017.1.1/bin/cmake/bin/cmake -E cmake_link_script CMakeFiles/cmTC_9ac8b.dir/link.txt --verbose=1
/usr/bin/cc  -fPIC     CMakeFiles/cmTC_9ac8b.dir/CheckSymbolExists.c.o  -o cmTC_9ac8b -rdynamic 
CMakeFiles/cmTC_9ac8b.dir/CheckSymbolExists.c.o: In function `main':
CheckSymbolExists.c:(.text+0x1b): undefined reference to `pthread_create'
collect2: error: ld returned 1 exit status
make[1]: *** [cmTC_9ac8b] Error 1
make[1]: Leaving directory `/home/blgnksy/Documents/CUDA_Programming/CudaLabExercises/cmake-build-debug/CMakeFiles/CMakeTmp'
make: *** [cmTC_9ac8b/fast] Error 2

File /home/blgnksy/Documents/CUDA_Programming/CudaLabExercises/cmake-build-debug/CMakeFiles/CMakeTmp/CheckSymbolExists.c:
/* */
#include <pthread.h>

int main(int argc, char** argv)
{
  (void)argv;
#ifndef pthread_create
  return ((int*)(&pthread_create))[argc];
#else
  (void)argc;
  return 0;
#endif
}

Determining if the function pthread_create exists in the pthreads failed with the following output:
Change Dir: /home/blgnksy/Documents/CUDA_Programming/CudaLabExercises/cmake-build-debug/CMakeFiles/CMakeTmp

Run Build Command:"/usr/bin/make" "cmTC_16df6/fast"
/usr/bin/make -f CMakeFiles/cmTC_16df6.dir/build.make CMakeFiles/cmTC_16df6.dir/build
make[1]: Entering directory `/home/blgnksy/Documents/CUDA_Programming/CudaLabExercises/cmake-build-debug/CMakeFiles/CMakeTmp'
Building C object CMakeFiles/cmTC_16df6.dir/CheckFunctionExists.c.o
/usr/bin/cc    -fPIC -DCHECK_FUNCTION_EXISTS=pthread_create   -o CMakeFiles/cmTC_16df6.dir/CheckFunctionExists.c.o   -c /home/blgnksy/clion-2017.1.1/bin/cmake/share/cmake-3.7/Modules/CheckFunctionExists.c
Linking C executable cmTC_16df6
/home/blgnksy/clion-2017.1.1/bin/cmake/bin/cmake -E cmake_link_script CMakeFiles/cmTC_16df6.dir/link.txt --verbose=1
/usr/bin/cc  -fPIC -DCHECK_FUNCTION_EXISTS=pthread_create    CMakeFiles/cmTC_16df6.dir/CheckFunctionExists.c.o  -o cmTC_16df6 -rdynamic -lpthreads 
/usr/bin/ld: cannot find -lpthreads
collect2: error: ld returned 1 exit status
make[1]: *** [cmTC_16df6] Error 1
make[1]: Leaving directory `/home/blgnksy/Documents/CUDA_Programming/CudaLabExercises/cmake-build-debug/CMakeFiles/CMakeTmp'
make: *** [cmTC_16df6/fast] Error 2


